Base path: E:/Programs/Editor/Data
Pipe name: \\.\pipe\UnityShaderCompiler-64bit-1-8728
Cmd: getPlatforms
Cmd: compileSnippet
  api=4 type=0 insize=938 outsize=1217 kw= pd= ok=1
Cmd: compileSnippet
  api=4 type=1 insize=938 outsize=673 kw= pd= ok=1
Cmd: compileSnippet
  api=4 type=0 insize=932 outsize=1217 kw= pd= ok=1
Cmd: compileSnippet
  api=4 type=1 insize=932 outsize=673 kw= pd= ok=1
Cmd: compileSnippet
  api=4 type=0 insize=932 outsize=1217 kw= pd= ok=1
Cmd: compileSnippet
  api=4 type=1 insize=932 outsize=673 kw= pd= ok=1
Cmd: compileSnippet
  api=4 type=0 insize=938 outsize=1217 kw= pd= ok=1
Cmd: compileSnippet
  api=4 type=1 insize=938 outsize=673 kw= pd= ok=1
Cmd: compileSnippet
  api=4 type=0 insize=920 outsize=1217 kw= pd= ok=1
Cmd: compileSnippet
  api=4 type=1 insize=920 outsize=673 kw= pd= ok=1
Cmd: compileSnippet
  api=4 type=0 insize=932 outsize=1217 kw= pd= ok=1
Cmd: compileSnippet
  api=4 type=1 insize=932 outsize=673 kw= pd= ok=1
